<?xml version="1.0" encoding="UTF-8"?>
<robot generator="Robot 7.4.1 (Python 3.14.2 on win32)" generated="2026-04-17T22:03:56.170776" rpa="false" schemaversion="5">
<suite id="s1" name="Suites" source="C:\Users\Usuario\Documents\Codigos\Robot Framework\API\JsonPlace\suites">
<suite id="s1-s1" name="Teste Usuario" source="C:\Users\Usuario\Documents\Codigos\Robot Framework\API\JsonPlace\suites\teste_usuario.robot">
<test id="s1-s1-t1" name="Cenário: Buscar Usuário Existente com Sucesso" line="6">
<kw name="Dado que estou conectado na API" owner="common">
<kw name="Create Session" owner="RequestsLibrary">
<msg time="2026-04-17T22:03:56.262628" level="INFO">Creating Session using : alias=minhaSessao, url=https://jsonplaceholder.typicode.com, headers={},                     cookies={}, auth=None, timeout=None, proxies=None, verify=False,                     debug=0 </msg>
<arg>${SESSION_NAME}</arg>
<arg>${BASE_URL}</arg>
<doc>Create Session: create a HTTP session to a server</doc>
<status status="PASS" start="2026-04-17T22:03:56.262483" elapsed="0.000297"/>
</kw>
<status status="PASS" start="2026-04-17T22:03:56.262032" elapsed="0.000815"/>
</kw>
<kw name="Quando busco um usuario existente" owner="api_keywords">
<kw name="GET On Session" owner="RequestsLibrary">
<msg time="2026-04-17T22:03:56.315113" level="INFO">GET Request : url=https://jsonplaceholder.typicode.com/users/1 
 path_url=/users/1 
 headers={'User-Agent': 'python-requests/2.32.5', 'Accept-Encoding': 'gzip, deflate, zstd', 'Accept': '*/*', 'Connection': 'keep-alive'} 
 body=None 
 </msg>
<msg time="2026-04-17T22:03:56.315240" level="INFO">GET Response : url=https://jsonplaceholder.typicode.com/users/1 
 status=200, reason=OK 
 headers={'Date': 'Sat, 18 Apr 2026 01:04:01 GMT', 'Content-Type': 'application/json; charset=utf-8', 'Transfer-Encoding': 'chunked', 'Connection': 'keep-alive', 'access-control-allow-credentials': 'true', 'Cache-Control': 'max-age=43200', 'etag': 'W/"1fd-+2Y3G3w049iSZtw5t1mzSnunngE"', 'expires': '-1', 'nel': '{"report_to":"heroku-nel","response_headers":["Via"],"max_age":3600,"success_fraction":0.01,"failure_fraction":0.1}', 'pragma': 'no-cache', 'report-to': '{"group":"heroku-nel","endpoints":[{"url":"https://nel.heroku.com/reports?s=jwapYp%2FnT9Q2St55IN6I80D%2BfqbDOTMxm6%2F7K3sNJJU%3D\\u0026sid=e11707d5-02a7-43ef-b45e-2cf4d2036f7d\\u0026ts=1776458250"}],"max_age":3600}', 'reporting-endpoints': 'heroku-nel="https://nel.heroku.com/reports?s=jwapYp%2FnT9Q2St55IN6I80D%2BfqbDOTMxm6%2F7K3sNJJU%3D&amp;sid=e11707d5-02a7-43ef-b45e-2cf4d2036f7d&amp;ts=1776458250"', 'Server': 'cloudflare', 'vary': 'Origin, Accept-Encoding', 'via': '2.0 heroku-router', 'x-content-type-options': 'nosniff', 'x-powered-by': 'Express', 'x-ratelimit-limit': '1000', 'x-ratelimit-remaining': '999', 'x-ratelimit-reset': '1776458272', 'Age': '15991', 'cf-cache-status': 'HIT', 'Content-Encoding': 'zstd', 'CF-RAY': '9edfc0cc1ec21188-GIG', 'alt-svc': 'h3=":443"; ma=86400'} 
 body={
  "id": 1,
  "name": "Leanne Graham",
  "username": "Bret",
  "email": "Sincere@april.biz",
  "address": {
    "street": "Kulas Light",
    "suite": "Apt. 556",
    "city": "Gwenborough",
    "zipcode": "92998-3874",
    "geo": {
      "lat": "-37.3159",
      "lng": "81.1496"
    }
  },
  "phone": "1-770-736-8031 x56442",
  "website": "hildegard.org",
  "company": {
    "name": "Romaguera-Crona",
    "catchPhrase": "Multi-layered client-server neural-net",
    "bs": "harness real-time e-markets"
  }
} 
 </msg>
<msg time="2026-04-17T22:03:56.315310" level="INFO">C:\Users\Usuario\AppData\Local\Programs\Python\Python314\Lib\site-packages\urllib3\connectionpool.py:1097: InsecureRequestWarning: Unverified HTTPS request is being made to host 'jsonplaceholder.typicode.com'. Adding certificate verification is strongly advised. See: https://urllib3.readthedocs.io/en/latest/advanced-usage.html#tls-warnings
  warnings.warn(</msg>
<msg time="2026-04-17T22:03:56.315576" level="INFO">${response} = &lt;Response [200]&gt;</msg>
<var>${response}</var>
<arg>${SESSION_NAME}</arg>
<arg>${USUARIO_EXISTENTE}</arg>
<doc>Sends a GET request on a previously created HTTP Session.</doc>
<status status="PASS" start="2026-04-17T22:03:56.263251" elapsed="0.052355"/>
</kw>
<kw name="Set Suite Variable" owner="BuiltIn">
<msg time="2026-04-17T22:03:56.316134" level="INFO">${response} = &lt;Response [200]&gt;</msg>
<arg>${response}</arg>
<doc>Makes a variable available everywhere within the scope of the current suite.</doc>
<status status="PASS" start="2026-04-17T22:03:56.315777" elapsed="0.000394"/>
</kw>
<status status="PASS" start="2026-04-17T22:03:56.263053" elapsed="0.053170"/>
</kw>
<kw name="Então o status code deve ser ${STATUS_200}" owner="common" source_name="Então o status code deve ser ${status_esperado}">
<kw name="Should Be Equal As Integers" owner="BuiltIn">
<msg time="2026-04-17T22:03:56.317123" level="INFO">Argument types are:
&lt;class 'int'&gt;
&lt;class 'str'&gt;</msg>
<arg>${response.status_code}</arg>
<arg>${status_esperado}</arg>
<doc>Fails if objects are unequal after converting them to integers.</doc>
<status status="PASS" start="2026-04-17T22:03:56.316639" elapsed="0.000531"/>
</kw>
<status status="PASS" start="2026-04-17T22:03:56.316439" elapsed="0.000783"/>
</kw>
<kw name="E mostro a resposta da API" owner="common">
<kw name="Log To Console" owner="BuiltIn">
<arg>Status: ${response.status_code}</arg>
<doc>Logs the given message to the console.</doc>
<status status="PASS" start="2026-04-17T22:03:56.317508" elapsed="0.000421"/>
</kw>
<kw name="Log To Console" owner="BuiltIn">
<arg>JSON: ${response.json()}</arg>
<doc>Logs the given message to the console.</doc>
<status status="PASS" start="2026-04-17T22:03:56.318073" elapsed="0.000572"/>
</kw>
<status status="PASS" start="2026-04-17T22:03:56.317364" elapsed="0.001337"/>
</kw>
<tag>buscar_sucesso</tag>
<status status="PASS" start="2026-04-17T22:03:56.261359" elapsed="0.057476"/>
</test>
<doc>Suíte de testes para a API JSONPlaceholder</doc>
<status status="PASS" start="2026-04-17T22:03:56.198747" elapsed="0.120545"/>
</suite>
<status status="PASS" start="2026-04-17T22:03:56.172035" elapsed="0.147731"/>
</suite>
<statistics>
<total>
<stat pass="1" fail="0" skip="0">All Tests</stat>
</total>
<tag>
<stat pass="1" fail="0" skip="0">buscar_sucesso</stat>
</tag>
<suite>
<stat name="Suites" id="s1" pass="1" fail="0" skip="0">Suites</stat>
<stat name="Teste Usuario" id="s1-s1" pass="1" fail="0" skip="0">Suites.Teste Usuario</stat>
</suite>
</statistics>
<errors>
</errors>
</robot>
